<?xml version="1.0" encoding="UTF-8"?>
<!-- Generated by org.testng.reporters.JUnitReportReporter -->
<testsuite hostname="DESKTOP-D6O47K5" failures="0" tests="1" name="testscript.StripeApi" time="24.385" errors="0" timestamp="2023-07-02T13:37:24 IST" skipped="0">
  <testcase classname="testscript.StripeApi" name="launchMagneto" time="24.385"/>
  <system-out/>
</testsuite> <!-- testscript.StripeApi -->
