<?xml version="1.0" encoding="UTF-8"?>
<!-- Generated by org.testng.reporters.JUnitReportReporter -->
<testsuite hostname="DESKTOP-D6O47K5" failures="0" tests="1" name="testscript.HomePageTest" time="13.789" errors="0" timestamp="2023-06-24T13:50:52 IST" skipped="0">
  <testcase classname="testscript.HomePageTest" name="createAccount" time="13.789"/>
  <system-out/>
</testsuite> <!-- testscript.HomePageTest -->
