<?xml version="1.0" encoding="UTF-8"?>
<!-- Generated by org.testng.reporters.JUnitReportReporter -->
<testsuite hostname="DESKTOP-D6O47K5" failures="0" tests="2" name="testscript.RegistrationTest" time="23.421" errors="0" timestamp="2023-05-06T17:16:32 IST" skipped="0">
  <testcase classname="testscript.RegistrationTest" name="firstRegistration" time="7.969"/>
  <system-out/>
  <testcase classname="testscript.RegistrationTest" name="SecondRegistration" time="15.452"/>
  <system-out/>
</testsuite> <!-- testscript.RegistrationTest -->
