<?xml version="1.0" encoding="UTF-8"?>
<!-- Generated by org.testng.reporters.JUnitReportReporter -->
<testsuite hostname="DESKTOP-D6O47K5" failures="0" tests="1" name="testscript.LoginTest" time="29.022" errors="0" timestamp="2023-05-06T17:16:32 IST" skipped="0">
  <testcase classname="testscript.LoginTest" name="loginMethod" time="29.022"/>
  <system-out/>
</testsuite> <!-- testscript.LoginTest -->
