<?xml version="1.0" encoding="UTF-8"?>
<!-- Generated by org.testng.reporters.JUnitReportReporter -->
<testsuite hostname="DESKTOP-D6O47K5" failures="0" tests="2" name="testscript.RegistrationTest" time="19.047" errors="0" timestamp="2023-04-23T02:51:29 IST" skipped="0">
  <testcase classname="testscript.RegistrationTest" name="firstRegistration" time="11.126"/>
  <system-out/>
  <testcase classname="testscript.RegistrationTest" name="SecondRegistration" time="7.921"/>
  <system-out/>
</testsuite> <!-- testscript.RegistrationTest -->
