<?xml version="1.0" encoding="UTF-8"?>
<!-- Generated by org.testng.reporters.JUnitReportReporter -->
<testsuite hostname="DESKTOP-D6O47K5" failures="0" tests="2" name="testscript.LoginTest2" time="41.947" errors="0" timestamp="2023-05-07T10:27:29 IST" skipped="0">
  <testcase classname="testscript.LoginTest2" name="loginMethod" time="23.782"/>
  <system-out/>
  <testcase classname="testscript.LoginTest2" name="loginMethod1" time="18.165"/>
  <system-out/>
</testsuite> <!-- testscript.LoginTest2 -->
